[2022-11-02 10:18:19,438] {processor.py:153} INFO - Started process (PID=45) to work on /home/airflow/.local/lib/python3.7/site-packages/airflow/example_dags/example_subdag_operator.py
[2022-11-02 10:18:19,440] {processor.py:641} INFO - Processing file /home/airflow/.local/lib/python3.7/site-packages/airflow/example_dags/example_subdag_operator.py for tasks to queue
[2022-11-02 10:18:19,442] {logging_mixin.py:115} INFO - [2022-11-02 10:18:19,442] {dagbag.py:507} INFO - Filling up the DagBag from /home/airflow/.local/lib/python3.7/site-packages/airflow/example_dags/example_subdag_operator.py
[2022-11-02 10:18:19,467] {processor.py:651} INFO - DAG(s) dict_keys(['example_subdag_operator.section-1', 'example_subdag_operator.section-2', 'example_subdag_operator']) retrieved from /home/airflow/.local/lib/python3.7/site-packages/airflow/example_dags/example_subdag_operator.py
[2022-11-02 10:18:19,660] {logging_mixin.py:115} INFO - [2022-11-02 10:18:19,660] {manager.py:508} INFO - Created Permission View: can edit on DAG:example_subdag_operator
[2022-11-02 10:18:19,669] {logging_mixin.py:115} INFO - [2022-11-02 10:18:19,669] {manager.py:508} INFO - Created Permission View: can read on DAG:example_subdag_operator
[2022-11-02 10:18:19,679] {logging_mixin.py:115} INFO - [2022-11-02 10:18:19,679] {manager.py:508} INFO - Created Permission View: can delete on DAG:example_subdag_operator
[2022-11-02 10:18:19,681] {logging_mixin.py:115} INFO - [2022-11-02 10:18:19,680] {dag.py:2371} INFO - Sync 3 DAGs
[2022-11-02 10:18:19,687] {logging_mixin.py:115} INFO - [2022-11-02 10:18:19,687] {dag.py:2390} INFO - Creating ORM DAG for example_subdag_operator.section-1
[2022-11-02 10:18:19,689] {logging_mixin.py:115} INFO - [2022-11-02 10:18:19,689] {dag.py:2390} INFO - Creating ORM DAG for example_subdag_operator
[2022-11-02 10:18:19,691] {logging_mixin.py:115} INFO - [2022-11-02 10:18:19,691] {dag.py:2390} INFO - Creating ORM DAG for example_subdag_operator.section-2
[2022-11-02 10:18:19,698] {logging_mixin.py:115} INFO - [2022-11-02 10:18:19,698] {dag.py:2919} INFO - Setting next_dagrun for example_subdag_operator to 2022-10-31T00:00:00+00:00, run_after=2022-10-31T00:00:00+00:00
[2022-11-02 10:18:19,700] {logging_mixin.py:115} INFO - [2022-11-02 10:18:19,700] {dag.py:2919} INFO - Setting next_dagrun for example_subdag_operator.section-1 to None, run_after=None
[2022-11-02 10:18:19,701] {logging_mixin.py:115} INFO - [2022-11-02 10:18:19,701] {dag.py:2919} INFO - Setting next_dagrun for example_subdag_operator.section-2 to None, run_after=None
[2022-11-02 10:18:19,709] {logging_mixin.py:115} INFO - [2022-11-02 10:18:19,709] {dag.py:2371} INFO - Sync 2 DAGs
[2022-11-02 10:18:19,715] {logging_mixin.py:115} INFO - [2022-11-02 10:18:19,715] {dag.py:2919} INFO - Setting next_dagrun for example_subdag_operator.section-1 to None, run_after=None
[2022-11-02 10:18:19,717] {logging_mixin.py:115} INFO - [2022-11-02 10:18:19,717] {dag.py:2919} INFO - Setting next_dagrun for example_subdag_operator.section-2 to None, run_after=None
[2022-11-02 10:18:19,723] {processor.py:161} INFO - Processing /home/airflow/.local/lib/python3.7/site-packages/airflow/example_dags/example_subdag_operator.py took 0.288 seconds
[2022-11-02 10:18:50,608] {processor.py:153} INFO - Started process (PID=106) to work on /home/airflow/.local/lib/python3.7/site-packages/airflow/example_dags/example_subdag_operator.py
[2022-11-02 10:18:50,610] {processor.py:641} INFO - Processing file /home/airflow/.local/lib/python3.7/site-packages/airflow/example_dags/example_subdag_operator.py for tasks to queue
[2022-11-02 10:18:50,613] {logging_mixin.py:115} INFO - [2022-11-02 10:18:50,613] {dagbag.py:507} INFO - Filling up the DagBag from /home/airflow/.local/lib/python3.7/site-packages/airflow/example_dags/example_subdag_operator.py
[2022-11-02 10:18:50,633] {processor.py:651} INFO - DAG(s) dict_keys(['example_subdag_operator.section-1', 'example_subdag_operator.section-2', 'example_subdag_operator']) retrieved from /home/airflow/.local/lib/python3.7/site-packages/airflow/example_dags/example_subdag_operator.py
[2022-11-02 10:18:50,655] {logging_mixin.py:115} INFO - [2022-11-02 10:18:50,655] {dag.py:2371} INFO - Sync 3 DAGs
[2022-11-02 10:18:50,671] {logging_mixin.py:115} INFO - [2022-11-02 10:18:50,671] {dag.py:2919} INFO - Setting next_dagrun for example_subdag_operator to 2022-10-31T00:00:00+00:00, run_after=2022-10-31T00:00:00+00:00
[2022-11-02 10:18:50,673] {logging_mixin.py:115} INFO - [2022-11-02 10:18:50,673] {dag.py:2919} INFO - Setting next_dagrun for example_subdag_operator.section-1 to None, run_after=None
[2022-11-02 10:18:50,674] {logging_mixin.py:115} INFO - [2022-11-02 10:18:50,674] {dag.py:2919} INFO - Setting next_dagrun for example_subdag_operator.section-2 to None, run_after=None
[2022-11-02 10:18:50,761] {logging_mixin.py:115} INFO - [2022-11-02 10:18:50,761] {dag.py:2371} INFO - Sync 2 DAGs
[2022-11-02 10:18:50,768] {logging_mixin.py:115} INFO - [2022-11-02 10:18:50,768] {dag.py:2919} INFO - Setting next_dagrun for example_subdag_operator.section-1 to None, run_after=None
[2022-11-02 10:18:50,769] {logging_mixin.py:115} INFO - [2022-11-02 10:18:50,769] {dag.py:2919} INFO - Setting next_dagrun for example_subdag_operator.section-2 to None, run_after=None
[2022-11-02 10:18:50,777] {processor.py:161} INFO - Processing /home/airflow/.local/lib/python3.7/site-packages/airflow/example_dags/example_subdag_operator.py took 0.171 seconds
