[2022-11-02 10:18:17,765] {manager.py:474} INFO - Processing files using up to 2 processes at a time 
[2022-11-02 10:18:17,767] {manager.py:475} INFO - Process each file at most once every 30 seconds
[2022-11-02 10:18:17,770] {manager.py:477} INFO - Checking for new files in /opt/airflow/dags every 300 seconds
[2022-11-02 10:18:17,773] {manager.py:684} INFO - Searching for files in /opt/airflow/dags
[2022-11-02 10:18:17,786] {manager.py:687} INFO - There are 34 files in /opt/airflow/dags
[2022-11-02 10:18:17,834] {manager.py:803} INFO - 
================================================================================
DAG File Processing Stats

File Path                                                                                                           PID  Runtime      # DAGs    # Errors  Last Runtime    Last Run
----------------------------------------------------------------------------------------------------------------  -----  ---------  --------  ----------  --------------  ----------
/home/airflow/.local/lib/python3.7/site-packages/airflow/example_dags/example_task_group_decorator.py                34  0.01s             0           0
/home/airflow/.local/lib/python3.7/site-packages/airflow/example_dags/example_branch_python_dop_operator_3.py        35  0.01s             0           0
/home/airflow/.local/lib/python3.7/site-packages/airflow/example_dags/example_trigger_target_dag.py                                        0           0
/home/airflow/.local/lib/python3.7/site-packages/airflow/example_dags/example_xcomargs.py                                                  0           0
/home/airflow/.local/lib/python3.7/site-packages/airflow/example_dags/example_branch_operator.py                                           0           0
/home/airflow/.local/lib/python3.7/site-packages/airflow/example_dags/example_nested_branch_dag.py                                         0           0
/home/airflow/.local/lib/python3.7/site-packages/airflow/example_dags/example_branch_day_of_week_operator.py                               0           0
/home/airflow/.local/lib/python3.7/site-packages/airflow/example_dags/example_branch_labels.py                                             0           0
/home/airflow/.local/lib/python3.7/site-packages/airflow/example_dags/example_python_operator.py                                           0           0
/home/airflow/.local/lib/python3.7/site-packages/airflow/example_dags/example_complex.py                                                   0           0
/home/airflow/.local/lib/python3.7/site-packages/airflow/example_dags/example_kubernetes_executor.py                                       0           0
/home/airflow/.local/lib/python3.7/site-packages/airflow/example_dags/example_subdag_operator.py                                           0           0
/home/airflow/.local/lib/python3.7/site-packages/airflow/example_dags/example_branch_datetime_operator.py                                  0           0
/home/airflow/.local/lib/python3.7/site-packages/airflow/example_dags/tutorial_taskflow_api_etl.py                                         0           0
/home/airflow/.local/lib/python3.7/site-packages/airflow/example_dags/tutorial.py                                                          0           0
/home/airflow/.local/lib/python3.7/site-packages/airflow/example_dags/tutorial_etl_dag.py                                                  0           0
/home/airflow/.local/lib/python3.7/site-packages/airflow/example_dags/example_short_circuit_operator.py                                    0           0
/home/airflow/.local/lib/python3.7/site-packages/airflow/example_dags/example_latest_only_with_trigger.py                                  0           0
/home/airflow/.local/lib/python3.7/site-packages/airflow/example_dags/example_branch_operator_decorator.py                                 0           0
/home/airflow/.local/lib/python3.7/site-packages/airflow/example_dags/example_local_kubernetes_executor.py                                 0           0
/home/airflow/.local/lib/python3.7/site-packages/airflow/example_dags/example_external_task_marker_dag.py                                  0           0
/home/airflow/.local/lib/python3.7/site-packages/airflow/example_dags/example_trigger_controller_dag.py                                    0           0
/home/airflow/.local/lib/python3.7/site-packages/airflow/example_dags/example_task_group.py                                                0           0
/home/airflow/.local/lib/python3.7/site-packages/airflow/example_dags/example_latest_only.py                                               0           0
/home/airflow/.local/lib/python3.7/site-packages/airflow/example_dags/example_passing_params_via_test_command.py                           0           0
/home/airflow/.local/lib/python3.7/site-packages/airflow/example_dags/example_xcom.py                                                      0           0
/home/airflow/.local/lib/python3.7/site-packages/airflow/example_dags/example_skip_dag.py                                                  0           0
/home/airflow/.local/lib/python3.7/site-packages/airflow/example_dags/example_time_delta_sensor_async.py                                   0           0
/home/airflow/.local/lib/python3.7/site-packages/airflow/example_dags/example_sla_dag.py                                                   0           0
/home/airflow/.local/lib/python3.7/site-packages/airflow/example_dags/tutorial_taskflow_api_etl_virtualenv.py                              0           0
/home/airflow/.local/lib/python3.7/site-packages/airflow/example_dags/example_bash_operator.py                                             0           0
/home/airflow/.local/lib/python3.7/site-packages/airflow/example_dags/example_dag_decorator.py                                             0           0
/home/airflow/.local/lib/python3.7/site-packages/airflow/example_dags/subdags/subdag.py                                                    0           0
/home/airflow/.local/lib/python3.7/site-packages/airflow/example_dags/plugins/workday.py                                                   0           0
================================================================================
[2022-11-02 10:18:48,411] {manager.py:803} INFO - 
================================================================================
DAG File Processing Stats

File Path                                                                                                           PID  Runtime      # DAGs    # Errors  Last Runtime    Last Run
----------------------------------------------------------------------------------------------------------------  -----  ---------  --------  ----------  --------------  -------------------
/home/airflow/.local/lib/python3.7/site-packages/airflow/example_dags/subdags/subdag.py                                                    0           0  0.04s           2022-11-02T10:18:23
/home/airflow/.local/lib/python3.7/site-packages/airflow/example_dags/plugins/workday.py                                                   0           0  0.04s           2022-11-02T10:18:23
/home/airflow/.local/lib/python3.7/site-packages/airflow/example_dags/example_task_group_decorator.py                95  0.01s             1           0  0.37s           2022-11-02T10:18:18
/home/airflow/.local/lib/python3.7/site-packages/airflow/example_dags/example_branch_python_dop_operator_3.py        96  0.01s             1           0  0.41s           2022-11-02T10:18:18
/home/airflow/.local/lib/python3.7/site-packages/airflow/example_dags/example_trigger_target_dag.py                                        1           0  0.25s           2022-11-02T10:18:18
/home/airflow/.local/lib/python3.7/site-packages/airflow/example_dags/example_branch_operator.py                                           1           0  0.31s           2022-11-02T10:18:18
/home/airflow/.local/lib/python3.7/site-packages/airflow/example_dags/example_nested_branch_dag.py                                         1           0  0.31s           2022-11-02T10:18:18
/home/airflow/.local/lib/python3.7/site-packages/airflow/example_dags/example_branch_day_of_week_operator.py                               1           0  0.29s           2022-11-02T10:18:19
/home/airflow/.local/lib/python3.7/site-packages/airflow/example_dags/example_branch_labels.py                                             1           0  0.29s           2022-11-02T10:18:19
/home/airflow/.local/lib/python3.7/site-packages/airflow/example_dags/example_python_operator.py                                           1           0  0.30s           2022-11-02T10:18:19
/home/airflow/.local/lib/python3.7/site-packages/airflow/example_dags/example_complex.py                                                   1           0  0.30s           2022-11-02T10:18:19
/home/airflow/.local/lib/python3.7/site-packages/airflow/example_dags/example_kubernetes_executor.py                                       1           0  0.30s           2022-11-02T10:18:19
/home/airflow/.local/lib/python3.7/site-packages/airflow/example_dags/example_branch_datetime_operator.py                                  1           0  0.34s           2022-11-02T10:18:20
/home/airflow/.local/lib/python3.7/site-packages/airflow/example_dags/tutorial_taskflow_api_etl.py                                         1           0  0.36s           2022-11-02T10:18:20
/home/airflow/.local/lib/python3.7/site-packages/airflow/example_dags/tutorial.py                                                          1           0  0.39s           2022-11-02T10:18:20
/home/airflow/.local/lib/python3.7/site-packages/airflow/example_dags/tutorial_etl_dag.py                                                  1           0  0.35s           2022-11-02T10:18:20
/home/airflow/.local/lib/python3.7/site-packages/airflow/example_dags/example_short_circuit_operator.py                                    1           0  0.27s           2022-11-02T10:18:20
/home/airflow/.local/lib/python3.7/site-packages/airflow/example_dags/example_latest_only_with_trigger.py                                  1           0  0.26s           2022-11-02T10:18:20
/home/airflow/.local/lib/python3.7/site-packages/airflow/example_dags/example_branch_operator_decorator.py                                 1           0  0.31s           2022-11-02T10:18:20
/home/airflow/.local/lib/python3.7/site-packages/airflow/example_dags/example_local_kubernetes_executor.py                                 1           0  0.36s           2022-11-02T10:18:21
/home/airflow/.local/lib/python3.7/site-packages/airflow/example_dags/example_trigger_controller_dag.py                                    1           0  0.30s           2022-11-02T10:18:21
/home/airflow/.local/lib/python3.7/site-packages/airflow/example_dags/example_task_group.py                                                1           0  0.36s           2022-11-02T10:18:21
/home/airflow/.local/lib/python3.7/site-packages/airflow/example_dags/example_latest_only.py                                               1           0  0.33s           2022-11-02T10:18:21
/home/airflow/.local/lib/python3.7/site-packages/airflow/example_dags/example_passing_params_via_test_command.py                           1           0  0.34s           2022-11-02T10:18:22
/home/airflow/.local/lib/python3.7/site-packages/airflow/example_dags/example_xcom.py                                                      1           0  0.44s           2022-11-02T10:18:22
/home/airflow/.local/lib/python3.7/site-packages/airflow/example_dags/example_skip_dag.py                                                  1           0  0.47s           2022-11-02T10:18:22
/home/airflow/.local/lib/python3.7/site-packages/airflow/example_dags/example_time_delta_sensor_async.py                                   1           0  0.43s           2022-11-02T10:18:22
/home/airflow/.local/lib/python3.7/site-packages/airflow/example_dags/example_sla_dag.py                                                   1           0  0.34s           2022-11-02T10:18:22
/home/airflow/.local/lib/python3.7/site-packages/airflow/example_dags/tutorial_taskflow_api_etl_virtualenv.py                              1           0  0.24s           2022-11-02T10:18:23
/home/airflow/.local/lib/python3.7/site-packages/airflow/example_dags/example_bash_operator.py                                             1           0  0.23s           2022-11-02T10:18:23
/home/airflow/.local/lib/python3.7/site-packages/airflow/example_dags/example_dag_decorator.py                                             1           0  0.21s           2022-11-02T10:18:23
/home/airflow/.local/lib/python3.7/site-packages/airflow/example_dags/example_xcomargs.py                                                  2           0  0.28s           2022-11-02T10:18:18
/home/airflow/.local/lib/python3.7/site-packages/airflow/example_dags/example_external_task_marker_dag.py                                  2           0  0.35s           2022-11-02T10:18:21
/home/airflow/.local/lib/python3.7/site-packages/airflow/example_dags/example_subdag_operator.py                                           3           0  0.32s           2022-11-02T10:18:19
================================================================================
[2022-11-02 10:19:19,333] {manager.py:803} INFO - 
================================================================================
DAG File Processing Stats

File Path                                                                                                           PID  Runtime      # DAGs    # Errors  Last Runtime    Last Run
----------------------------------------------------------------------------------------------------------------  -----  ---------  --------  ----------  --------------  -------------------
/home/airflow/.local/lib/python3.7/site-packages/airflow/example_dags/subdags/subdag.py                                                    0           0  0.04s           2022-11-02T10:18:54
/home/airflow/.local/lib/python3.7/site-packages/airflow/example_dags/plugins/workday.py                                                   0           0  0.04s           2022-11-02T10:18:54
/home/airflow/.local/lib/python3.7/site-packages/airflow/example_dags/example_task_group_decorator.py               157  0.01s             1           0  0.22s           2022-11-02T10:18:48
/home/airflow/.local/lib/python3.7/site-packages/airflow/example_dags/example_branch_python_dop_operator_3.py       158  0.00s             1           0  0.19s           2022-11-02T10:18:48
/home/airflow/.local/lib/python3.7/site-packages/airflow/example_dags/example_trigger_target_dag.py                                        1           0  0.16s           2022-11-02T10:18:48
/home/airflow/.local/lib/python3.7/site-packages/airflow/example_dags/example_branch_operator.py                                           1           0  0.14s           2022-11-02T10:18:48
/home/airflow/.local/lib/python3.7/site-packages/airflow/example_dags/example_nested_branch_dag.py                                         1           0  0.15s           2022-11-02T10:18:49
/home/airflow/.local/lib/python3.7/site-packages/airflow/example_dags/example_branch_day_of_week_operator.py                               1           0  0.14s           2022-11-02T10:18:49
/home/airflow/.local/lib/python3.7/site-packages/airflow/example_dags/example_branch_labels.py                                             1           0  0.07s           2022-11-02T10:18:49
/home/airflow/.local/lib/python3.7/site-packages/airflow/example_dags/example_python_operator.py                                           1           0  0.20s           2022-11-02T10:18:50
/home/airflow/.local/lib/python3.7/site-packages/airflow/example_dags/example_complex.py                                                   1           0  0.19s           2022-11-02T10:18:50
/home/airflow/.local/lib/python3.7/site-packages/airflow/example_dags/example_kubernetes_executor.py                                       1           0  0.15s           2022-11-02T10:18:50
/home/airflow/.local/lib/python3.7/site-packages/airflow/example_dags/example_branch_datetime_operator.py                                  1           0  0.16s           2022-11-02T10:18:50
/home/airflow/.local/lib/python3.7/site-packages/airflow/example_dags/tutorial_taskflow_api_etl.py                                         1           0  0.19s           2022-11-02T10:18:50
/home/airflow/.local/lib/python3.7/site-packages/airflow/example_dags/tutorial.py                                                          1           0  0.07s           2022-11-02T10:18:50
/home/airflow/.local/lib/python3.7/site-packages/airflow/example_dags/tutorial_etl_dag.py                                                  1           0  0.17s           2022-11-02T10:18:51
/home/airflow/.local/lib/python3.7/site-packages/airflow/example_dags/example_short_circuit_operator.py                                    1           0  0.16s           2022-11-02T10:18:51
/home/airflow/.local/lib/python3.7/site-packages/airflow/example_dags/example_latest_only_with_trigger.py                                  1           0  0.16s           2022-11-02T10:18:51
/home/airflow/.local/lib/python3.7/site-packages/airflow/example_dags/example_branch_operator_decorator.py                                 1           0  0.17s           2022-11-02T10:18:51
/home/airflow/.local/lib/python3.7/site-packages/airflow/example_dags/example_local_kubernetes_executor.py                                 1           0  0.16s           2022-11-02T10:18:51
/home/airflow/.local/lib/python3.7/site-packages/airflow/example_dags/example_trigger_controller_dag.py                                    1           0  0.06s           2022-11-02T10:18:51
/home/airflow/.local/lib/python3.7/site-packages/airflow/example_dags/example_task_group.py                                                1           0  0.20s           2022-11-02T10:18:52
/home/airflow/.local/lib/python3.7/site-packages/airflow/example_dags/example_latest_only.py                                               1           0  0.09s           2022-11-02T10:18:52
/home/airflow/.local/lib/python3.7/site-packages/airflow/example_dags/example_passing_params_via_test_command.py                           1           0  0.17s           2022-11-02T10:18:52
/home/airflow/.local/lib/python3.7/site-packages/airflow/example_dags/example_xcom.py                                                      1           0  0.19s           2022-11-02T10:18:52
/home/airflow/.local/lib/python3.7/site-packages/airflow/example_dags/example_skip_dag.py                                                  1           0  0.07s           2022-11-02T10:18:52
/home/airflow/.local/lib/python3.7/site-packages/airflow/example_dags/example_time_delta_sensor_async.py                                   1           0  0.09s           2022-11-02T10:18:53
/home/airflow/.local/lib/python3.7/site-packages/airflow/example_dags/example_sla_dag.py                                                   1           0  0.18s           2022-11-02T10:18:53
/home/airflow/.local/lib/python3.7/site-packages/airflow/example_dags/tutorial_taskflow_api_etl_virtualenv.py                              1           0  0.19s           2022-11-02T10:18:54
/home/airflow/.local/lib/python3.7/site-packages/airflow/example_dags/example_bash_operator.py                                             1           0  0.17s           2022-11-02T10:18:54
/home/airflow/.local/lib/python3.7/site-packages/airflow/example_dags/example_dag_decorator.py                                             1           0  0.20s           2022-11-02T10:18:54
/home/airflow/.local/lib/python3.7/site-packages/airflow/example_dags/example_xcomargs.py                                                  2           0  0.18s           2022-11-02T10:18:48
/home/airflow/.local/lib/python3.7/site-packages/airflow/example_dags/example_external_task_marker_dag.py                                  2           0  0.07s           2022-11-02T10:18:51
/home/airflow/.local/lib/python3.7/site-packages/airflow/example_dags/example_subdag_operator.py                                           3           0  0.20s           2022-11-02T10:18:50
================================================================================
[2022-11-02 10:19:19,343] {manager.py:919} ERROR - Processor for /home/airflow/.local/lib/python3.7/site-packages/airflow/example_dags/example_task_group_decorator.py exited with return code 1.
[2022-11-02 10:19:19,350] {manager.py:919} ERROR - Processor for /home/airflow/.local/lib/python3.7/site-packages/airflow/example_dags/example_branch_python_dop_operator_3.py exited with return code 1.
[2022-11-02 10:19:19,361] {manager.py:919} ERROR - Processor for /home/airflow/.local/lib/python3.7/site-packages/airflow/example_dags/example_trigger_target_dag.py exited with return code 1.
[2022-11-02 10:19:19,375] {manager.py:919} ERROR - Processor for /home/airflow/.local/lib/python3.7/site-packages/airflow/example_dags/example_xcomargs.py exited with return code 1.
[2022-11-02 10:19:19,380] {manager.py:919} ERROR - Processor for /home/airflow/.local/lib/python3.7/site-packages/airflow/example_dags/example_branch_operator.py exited with return code 1.
[2022-11-02 10:19:19,388] {manager.py:919} ERROR - Processor for /home/airflow/.local/lib/python3.7/site-packages/airflow/example_dags/example_nested_branch_dag.py exited with return code 1.
[2022-11-02 10:19:19,401] {manager.py:919} ERROR - Processor for /home/airflow/.local/lib/python3.7/site-packages/airflow/example_dags/example_branch_labels.py exited with return code 1.
[2022-11-02 10:19:19,405] {manager.py:919} ERROR - Processor for /home/airflow/.local/lib/python3.7/site-packages/airflow/example_dags/example_branch_day_of_week_operator.py exited with return code 1.
[2022-11-02 10:19:21,421] {manager.py:919} ERROR - Processor for /home/airflow/.local/lib/python3.7/site-packages/airflow/example_dags/example_python_operator.py exited with return code 1.
[2022-11-02 10:19:21,428] {manager.py:919} ERROR - Processor for /home/airflow/.local/lib/python3.7/site-packages/airflow/example_dags/example_complex.py exited with return code 1.
[2022-11-02 10:19:21,437] {manager.py:919} ERROR - Processor for /home/airflow/.local/lib/python3.7/site-packages/airflow/example_dags/example_kubernetes_executor.py exited with return code 1.
[2022-11-02 10:19:21,451] {manager.py:919} ERROR - Processor for /home/airflow/.local/lib/python3.7/site-packages/airflow/example_dags/example_subdag_operator.py exited with return code 1.
[2022-11-02 10:19:21,456] {manager.py:919} ERROR - Processor for /home/airflow/.local/lib/python3.7/site-packages/airflow/example_dags/example_branch_datetime_operator.py exited with return code 1.
[2022-11-02 10:19:21,464] {manager.py:919} ERROR - Processor for /home/airflow/.local/lib/python3.7/site-packages/airflow/example_dags/tutorial_taskflow_api_etl.py exited with return code 1.
[2022-11-02 10:19:21,476] {manager.py:919} ERROR - Processor for /home/airflow/.local/lib/python3.7/site-packages/airflow/example_dags/tutorial.py exited with return code 1.
[2022-11-02 10:19:21,480] {manager.py:919} ERROR - Processor for /home/airflow/.local/lib/python3.7/site-packages/airflow/example_dags/tutorial_etl_dag.py exited with return code 1.
[2022-11-02 10:19:21,487] {manager.py:919} ERROR - Processor for /home/airflow/.local/lib/python3.7/site-packages/airflow/example_dags/example_short_circuit_operator.py exited with return code 1.
[2022-11-02 10:19:21,499] {manager.py:919} ERROR - Processor for /home/airflow/.local/lib/python3.7/site-packages/airflow/example_dags/example_latest_only_with_trigger.py exited with return code 1.
[2022-11-02 10:19:21,504] {manager.py:919} ERROR - Processor for /home/airflow/.local/lib/python3.7/site-packages/airflow/example_dags/example_branch_operator_decorator.py exited with return code 1.
[2022-11-02 10:19:21,512] {manager.py:919} ERROR - Processor for /home/airflow/.local/lib/python3.7/site-packages/airflow/example_dags/example_local_kubernetes_executor.py exited with return code 1.
[2022-11-02 10:19:21,524] {manager.py:919} ERROR - Processor for /home/airflow/.local/lib/python3.7/site-packages/airflow/example_dags/example_external_task_marker_dag.py exited with return code 1.
[2022-11-02 10:19:21,527] {manager.py:919} ERROR - Processor for /home/airflow/.local/lib/python3.7/site-packages/airflow/example_dags/example_trigger_controller_dag.py exited with return code 1.
[2022-11-02 10:19:23,543] {manager.py:919} ERROR - Processor for /home/airflow/.local/lib/python3.7/site-packages/airflow/example_dags/example_task_group.py exited with return code 1.
[2022-11-02 10:19:23,550] {manager.py:919} ERROR - Processor for /home/airflow/.local/lib/python3.7/site-packages/airflow/example_dags/example_latest_only.py exited with return code 1.
[2022-11-02 10:19:23,558] {manager.py:919} ERROR - Processor for /home/airflow/.local/lib/python3.7/site-packages/airflow/example_dags/example_passing_params_via_test_command.py exited with return code 1.
[2022-11-02 10:19:23,571] {manager.py:919} ERROR - Processor for /home/airflow/.local/lib/python3.7/site-packages/airflow/example_dags/example_xcom.py exited with return code 1.
[2022-11-02 10:19:23,574] {manager.py:919} ERROR - Processor for /home/airflow/.local/lib/python3.7/site-packages/airflow/example_dags/example_skip_dag.py exited with return code 1.
[2022-11-02 10:19:24,578] {manager.py:919} ERROR - Processor for /home/airflow/.local/lib/python3.7/site-packages/airflow/example_dags/example_time_delta_sensor_async.py exited with return code 1.
[2022-11-02 10:19:24,583] {manager.py:919} ERROR - Processor for /home/airflow/.local/lib/python3.7/site-packages/airflow/example_dags/example_sla_dag.py exited with return code 1.
[2022-11-02 10:19:24,591] {manager.py:919} ERROR - Processor for /home/airflow/.local/lib/python3.7/site-packages/airflow/example_dags/tutorial_taskflow_api_etl_virtualenv.py exited with return code 1.
[2022-11-02 10:19:24,603] {manager.py:919} ERROR - Processor for /home/airflow/.local/lib/python3.7/site-packages/airflow/example_dags/example_bash_operator.py exited with return code 1.
[2022-11-02 10:19:24,609] {manager.py:919} ERROR - Processor for /home/airflow/.local/lib/python3.7/site-packages/airflow/example_dags/example_dag_decorator.py exited with return code 1.
[2022-11-02 10:19:24,617] {manager.py:919} ERROR - Processor for /home/airflow/.local/lib/python3.7/site-packages/airflow/example_dags/subdags/subdag.py exited with return code 1.
[2022-11-02 10:19:24,628] {manager.py:919} ERROR - Processor for /home/airflow/.local/lib/python3.7/site-packages/airflow/example_dags/plugins/workday.py exited with return code 1.
[2022-11-02 10:19:49,753] {manager.py:803} INFO - 
================================================================================
DAG File Processing Stats

File Path                                                                                                           PID  Runtime      # DAGs    # Errors  Last Runtime    Last Run
----------------------------------------------------------------------------------------------------------------  -----  ---------  --------  ----------  --------------  -------------------
/home/airflow/.local/lib/python3.7/site-packages/airflow/example_dags/example_task_group_decorator.py               219  0.00s             0          -1  0.02s           2022-11-02T10:19:19
/home/airflow/.local/lib/python3.7/site-packages/airflow/example_dags/example_branch_python_dop_operator_3.py       220  0.00s             0          -1  0.02s           2022-11-02T10:19:19
/home/airflow/.local/lib/python3.7/site-packages/airflow/example_dags/example_trigger_target_dag.py                                        0          -1  0.01s           2022-11-02T10:19:19
/home/airflow/.local/lib/python3.7/site-packages/airflow/example_dags/example_xcomargs.py                                                  0          -1  0.01s           2022-11-02T10:19:19
/home/airflow/.local/lib/python3.7/site-packages/airflow/example_dags/example_branch_operator.py                                           0          -1  0.01s           2022-11-02T10:19:19
/home/airflow/.local/lib/python3.7/site-packages/airflow/example_dags/example_nested_branch_dag.py                                         0          -1  0.01s           2022-11-02T10:19:19
/home/airflow/.local/lib/python3.7/site-packages/airflow/example_dags/example_branch_day_of_week_operator.py                               0          -1  0.01s           2022-11-02T10:19:19
/home/airflow/.local/lib/python3.7/site-packages/airflow/example_dags/example_branch_labels.py                                             0          -1  0.01s           2022-11-02T10:19:19
/home/airflow/.local/lib/python3.7/site-packages/airflow/example_dags/example_python_operator.py                                           0          -1  0.02s           2022-11-02T10:19:21
/home/airflow/.local/lib/python3.7/site-packages/airflow/example_dags/example_complex.py                                                   0          -1  0.02s           2022-11-02T10:19:21
/home/airflow/.local/lib/python3.7/site-packages/airflow/example_dags/example_kubernetes_executor.py                                       0          -1  0.01s           2022-11-02T10:19:21
/home/airflow/.local/lib/python3.7/site-packages/airflow/example_dags/example_subdag_operator.py                                           0          -1  0.01s           2022-11-02T10:19:21
/home/airflow/.local/lib/python3.7/site-packages/airflow/example_dags/example_branch_datetime_operator.py                                  0          -1  0.01s           2022-11-02T10:19:21
/home/airflow/.local/lib/python3.7/site-packages/airflow/example_dags/tutorial_taskflow_api_etl.py                                         0          -1  0.01s           2022-11-02T10:19:21
/home/airflow/.local/lib/python3.7/site-packages/airflow/example_dags/tutorial.py                                                          0          -1  0.01s           2022-11-02T10:19:21
/home/airflow/.local/lib/python3.7/site-packages/airflow/example_dags/tutorial_etl_dag.py                                                  0          -1  0.01s           2022-11-02T10:19:21
/home/airflow/.local/lib/python3.7/site-packages/airflow/example_dags/example_short_circuit_operator.py                                    0          -1  0.01s           2022-11-02T10:19:21
/home/airflow/.local/lib/python3.7/site-packages/airflow/example_dags/example_latest_only_with_trigger.py                                  0          -1  0.01s           2022-11-02T10:19:21
/home/airflow/.local/lib/python3.7/site-packages/airflow/example_dags/example_branch_operator_decorator.py                                 0          -1  0.01s           2022-11-02T10:19:21
/home/airflow/.local/lib/python3.7/site-packages/airflow/example_dags/example_local_kubernetes_executor.py                                 0          -1  0.01s           2022-11-02T10:19:21
/home/airflow/.local/lib/python3.7/site-packages/airflow/example_dags/example_external_task_marker_dag.py                                  0          -1  0.01s           2022-11-02T10:19:21
/home/airflow/.local/lib/python3.7/site-packages/airflow/example_dags/example_trigger_controller_dag.py                                    0          -1  0.01s           2022-11-02T10:19:21
/home/airflow/.local/lib/python3.7/site-packages/airflow/example_dags/example_task_group.py                                                0          -1  0.02s           2022-11-02T10:19:23
/home/airflow/.local/lib/python3.7/site-packages/airflow/example_dags/example_latest_only.py                                               0          -1  0.02s           2022-11-02T10:19:23
/home/airflow/.local/lib/python3.7/site-packages/airflow/example_dags/example_passing_params_via_test_command.py                           0          -1  0.01s           2022-11-02T10:19:23
/home/airflow/.local/lib/python3.7/site-packages/airflow/example_dags/example_xcom.py                                                      0          -1  0.01s           2022-11-02T10:19:23
/home/airflow/.local/lib/python3.7/site-packages/airflow/example_dags/example_skip_dag.py                                                  0          -1  0.01s           2022-11-02T10:19:23
/home/airflow/.local/lib/python3.7/site-packages/airflow/example_dags/example_time_delta_sensor_async.py                                   0          -1  0.01s           2022-11-02T10:19:24
/home/airflow/.local/lib/python3.7/site-packages/airflow/example_dags/example_sla_dag.py                                                   0          -1  0.01s           2022-11-02T10:19:24
/home/airflow/.local/lib/python3.7/site-packages/airflow/example_dags/tutorial_taskflow_api_etl_virtualenv.py                              0          -1  0.01s           2022-11-02T10:19:24
/home/airflow/.local/lib/python3.7/site-packages/airflow/example_dags/example_bash_operator.py                                             0          -1  0.01s           2022-11-02T10:19:24
/home/airflow/.local/lib/python3.7/site-packages/airflow/example_dags/example_dag_decorator.py                                             0          -1  0.01s           2022-11-02T10:19:24
/home/airflow/.local/lib/python3.7/site-packages/airflow/example_dags/subdags/subdag.py                                                    0          -1  0.01s           2022-11-02T10:19:24
/home/airflow/.local/lib/python3.7/site-packages/airflow/example_dags/plugins/workday.py                                                   0          -1  0.01s           2022-11-02T10:19:24
================================================================================
[2022-11-02 10:19:49,757] {manager.py:919} ERROR - Processor for /home/airflow/.local/lib/python3.7/site-packages/airflow/example_dags/example_task_group_decorator.py exited with return code 1.
[2022-11-02 10:19:49,762] {manager.py:919} ERROR - Processor for /home/airflow/.local/lib/python3.7/site-packages/airflow/example_dags/example_branch_python_dop_operator_3.py exited with return code 1.
[2022-11-02 10:19:49,770] {manager.py:919} ERROR - Processor for /home/airflow/.local/lib/python3.7/site-packages/airflow/example_dags/example_trigger_target_dag.py exited with return code 1.
[2022-11-02 10:19:49,781] {manager.py:919} ERROR - Processor for /home/airflow/.local/lib/python3.7/site-packages/airflow/example_dags/example_xcomargs.py exited with return code 1.
[2022-11-02 10:19:49,786] {manager.py:919} ERROR - Processor for /home/airflow/.local/lib/python3.7/site-packages/airflow/example_dags/example_branch_operator.py exited with return code 1.
[2022-11-02 10:19:49,792] {manager.py:919} ERROR - Processor for /home/airflow/.local/lib/python3.7/site-packages/airflow/example_dags/example_nested_branch_dag.py exited with return code 1.
[2022-11-02 10:19:49,804] {manager.py:919} ERROR - Processor for /home/airflow/.local/lib/python3.7/site-packages/airflow/example_dags/example_branch_day_of_week_operator.py exited with return code 1.
[2022-11-02 10:19:49,808] {manager.py:919} ERROR - Processor for /home/airflow/.local/lib/python3.7/site-packages/airflow/example_dags/example_branch_labels.py exited with return code 1.
[2022-11-02 10:19:51,862] {manager.py:919} ERROR - Processor for /home/airflow/.local/lib/python3.7/site-packages/airflow/example_dags/example_python_operator.py exited with return code 1.
[2022-11-02 10:19:51,870] {manager.py:919} ERROR - Processor for /home/airflow/.local/lib/python3.7/site-packages/airflow/example_dags/example_complex.py exited with return code 1.
[2022-11-02 10:19:51,880] {manager.py:919} ERROR - Processor for /home/airflow/.local/lib/python3.7/site-packages/airflow/example_dags/example_kubernetes_executor.py exited with return code 1.
[2022-11-02 10:19:51,894] {manager.py:919} ERROR - Processor for /home/airflow/.local/lib/python3.7/site-packages/airflow/example_dags/example_subdag_operator.py exited with return code 1.
[2022-11-02 10:19:51,900] {manager.py:919} ERROR - Processor for /home/airflow/.local/lib/python3.7/site-packages/airflow/example_dags/example_branch_datetime_operator.py exited with return code 1.
[2022-11-02 10:19:51,906] {manager.py:919} ERROR - Processor for /home/airflow/.local/lib/python3.7/site-packages/airflow/example_dags/tutorial_taskflow_api_etl.py exited with return code 1.
[2022-11-02 10:19:51,918] {manager.py:919} ERROR - Processor for /home/airflow/.local/lib/python3.7/site-packages/airflow/example_dags/tutorial.py exited with return code 1.
[2022-11-02 10:19:51,923] {manager.py:919} ERROR - Processor for /home/airflow/.local/lib/python3.7/site-packages/airflow/example_dags/tutorial_etl_dag.py exited with return code 1.
[2022-11-02 10:19:51,930] {manager.py:919} ERROR - Processor for /home/airflow/.local/lib/python3.7/site-packages/airflow/example_dags/example_short_circuit_operator.py exited with return code 1.
[2022-11-02 10:19:51,942] {manager.py:919} ERROR - Processor for /home/airflow/.local/lib/python3.7/site-packages/airflow/example_dags/example_latest_only_with_trigger.py exited with return code 1.
[2022-11-02 10:19:51,947] {manager.py:919} ERROR - Processor for /home/airflow/.local/lib/python3.7/site-packages/airflow/example_dags/example_branch_operator_decorator.py exited with return code 1.
[2022-11-02 10:19:51,953] {manager.py:919} ERROR - Processor for /home/airflow/.local/lib/python3.7/site-packages/airflow/example_dags/example_local_kubernetes_executor.py exited with return code 1.
[2022-11-02 10:19:51,965] {manager.py:919} ERROR - Processor for /home/airflow/.local/lib/python3.7/site-packages/airflow/example_dags/example_external_task_marker_dag.py exited with return code 1.
[2022-11-02 10:19:51,968] {manager.py:919} ERROR - Processor for /home/airflow/.local/lib/python3.7/site-packages/airflow/example_dags/example_trigger_controller_dag.py exited with return code 1.
[2022-11-02 10:19:53,989] {manager.py:919} ERROR - Processor for /home/airflow/.local/lib/python3.7/site-packages/airflow/example_dags/example_task_group.py exited with return code 1.
[2022-11-02 10:19:53,996] {manager.py:919} ERROR - Processor for /home/airflow/.local/lib/python3.7/site-packages/airflow/example_dags/example_latest_only.py exited with return code 1.
[2022-11-02 10:19:54,007] {manager.py:919} ERROR - Processor for /home/airflow/.local/lib/python3.7/site-packages/airflow/example_dags/example_passing_params_via_test_command.py exited with return code 1.
[2022-11-02 10:19:54,023] {manager.py:919} ERROR - Processor for /home/airflow/.local/lib/python3.7/site-packages/airflow/example_dags/example_xcom.py exited with return code 1.
[2022-11-02 10:19:54,027] {manager.py:919} ERROR - Processor for /home/airflow/.local/lib/python3.7/site-packages/airflow/example_dags/example_skip_dag.py exited with return code 1.
[2022-11-02 10:19:55,033] {manager.py:919} ERROR - Processor for /home/airflow/.local/lib/python3.7/site-packages/airflow/example_dags/example_time_delta_sensor_async.py exited with return code 1.
[2022-11-02 10:19:55,038] {manager.py:919} ERROR - Processor for /home/airflow/.local/lib/python3.7/site-packages/airflow/example_dags/example_sla_dag.py exited with return code 1.
[2022-11-02 10:19:55,045] {manager.py:919} ERROR - Processor for /home/airflow/.local/lib/python3.7/site-packages/airflow/example_dags/tutorial_taskflow_api_etl_virtualenv.py exited with return code 1.
[2022-11-02 10:19:55,058] {manager.py:919} ERROR - Processor for /home/airflow/.local/lib/python3.7/site-packages/airflow/example_dags/example_dag_decorator.py exited with return code 1.
[2022-11-02 10:19:55,063] {manager.py:919} ERROR - Processor for /home/airflow/.local/lib/python3.7/site-packages/airflow/example_dags/example_bash_operator.py exited with return code 1.
[2022-11-02 10:19:55,069] {manager.py:919} ERROR - Processor for /home/airflow/.local/lib/python3.7/site-packages/airflow/example_dags/subdags/subdag.py exited with return code 1.
[2022-11-02 10:19:55,080] {manager.py:919} ERROR - Processor for /home/airflow/.local/lib/python3.7/site-packages/airflow/example_dags/plugins/workday.py exited with return code 1.
[2022-11-02 10:20:19,241] {manager.py:505} INFO - DAG tutorial is missing and will be deactivated.
[2022-11-02 10:20:19,255] {manager.py:505} INFO - DAG tutorial_taskflow_api_etl is missing and will be deactivated.
[2022-11-02 10:20:19,261] {manager.py:505} INFO - DAG example_trigger_target_dag is missing and will be deactivated.
[2022-11-02 10:20:19,267] {manager.py:505} INFO - DAG example_xcom_args is missing and will be deactivated.
[2022-11-02 10:20:19,272] {manager.py:505} INFO - DAG example_xcom_args_with_operators is missing and will be deactivated.
[2022-11-02 10:20:19,279] {manager.py:505} INFO - DAG example_branch_operator is missing and will be deactivated.
[2022-11-02 10:20:19,283] {manager.py:505} INFO - DAG example_nested_branch_dag is missing and will be deactivated.
[2022-11-02 10:20:19,287] {manager.py:505} INFO - DAG example_weekday_branch_operator is missing and will be deactivated.
[2022-11-02 10:20:19,290] {manager.py:505} INFO - DAG example_branch_labels is missing and will be deactivated.
[2022-11-02 10:20:19,293] {manager.py:505} INFO - DAG example_python_operator is missing and will be deactivated.
[2022-11-02 10:20:19,296] {manager.py:505} INFO - DAG example_complex is missing and will be deactivated.
[2022-11-02 10:20:19,299] {manager.py:505} INFO - DAG example_kubernetes_executor is missing and will be deactivated.
[2022-11-02 10:20:19,301] {manager.py:505} INFO - DAG example_branch_datetime_operator_2 is missing and will be deactivated.
[2022-11-02 10:20:19,305] {manager.py:505} INFO - DAG example_subdag_operator is missing and will be deactivated.
[2022-11-02 10:20:19,308] {manager.py:505} INFO - DAG tutorial_etl_dag is missing and will be deactivated.
[2022-11-02 10:20:19,310] {manager.py:505} INFO - DAG latest_only_with_trigger is missing and will be deactivated.
[2022-11-02 10:20:19,313] {manager.py:505} INFO - DAG example_short_circuit_operator is missing and will be deactivated.
[2022-11-02 10:20:19,315] {manager.py:505} INFO - DAG example_branch_python_operator_decorator is missing and will be deactivated.
[2022-11-02 10:20:19,317] {manager.py:505} INFO - DAG example_local_kubernetes_executor is missing and will be deactivated.
[2022-11-02 10:20:19,319] {manager.py:505} INFO - DAG example_external_task_marker_child is missing and will be deactivated.
[2022-11-02 10:20:19,321] {manager.py:505} INFO - DAG example_external_task_marker_parent is missing and will be deactivated.
[2022-11-02 10:20:19,324] {manager.py:505} INFO - DAG example_trigger_controller_dag is missing and will be deactivated.
[2022-11-02 10:20:19,326] {manager.py:505} INFO - DAG latest_only is missing and will be deactivated.
[2022-11-02 10:20:19,328] {manager.py:505} INFO - DAG example_task_group is missing and will be deactivated.
[2022-11-02 10:20:19,330] {manager.py:505} INFO - DAG example_passing_params_via_test_command is missing and will be deactivated.
[2022-11-02 10:20:19,332] {manager.py:505} INFO - DAG example_xcom is missing and will be deactivated.
[2022-11-02 10:20:19,333] {manager.py:505} INFO - DAG example_branch_dop_operator_v3 is missing and will be deactivated.
[2022-11-02 10:20:19,335] {manager.py:505} INFO - DAG example_task_group_decorator is missing and will be deactivated.
[2022-11-02 10:20:19,337] {manager.py:505} INFO - DAG example_subdag_operator.section-1 is missing and will be deactivated.
[2022-11-02 10:20:19,339] {manager.py:505} INFO - DAG example_subdag_operator.section-2 is missing and will be deactivated.
[2022-11-02 10:20:19,340] {manager.py:505} INFO - DAG example_skip_dag is missing and will be deactivated.
[2022-11-02 10:20:19,342] {manager.py:505} INFO - DAG example_time_delta_sensor_async is missing and will be deactivated.
[2022-11-02 10:20:19,343] {manager.py:505} INFO - DAG example_sla_dag is missing and will be deactivated.
[2022-11-02 10:20:19,345] {manager.py:505} INFO - DAG tutorial_taskflow_api_etl_virtualenv is missing and will be deactivated.
[2022-11-02 10:20:19,346] {manager.py:505} INFO - DAG example_bash_operator is missing and will be deactivated.
[2022-11-02 10:20:19,348] {manager.py:505} INFO - DAG example_dag_decorator is missing and will be deactivated.
[2022-11-02 10:20:19,353] {manager.py:515} INFO - Deactivated 36 DAGs which are no longer present in file.
[2022-11-02 10:20:20,376] {manager.py:803} INFO - 
================================================================================
DAG File Processing Stats

File Path                                                                                                           PID  Runtime      # DAGs    # Errors  Last Runtime    Last Run
----------------------------------------------------------------------------------------------------------------  -----  ---------  --------  ----------  --------------  -------------------
/home/airflow/.local/lib/python3.7/site-packages/airflow/example_dags/example_task_group_decorator.py               271  0.01s             0          -1  0.01s           2022-11-02T10:19:49
/home/airflow/.local/lib/python3.7/site-packages/airflow/example_dags/example_branch_python_dop_operator_3.py       272  0.00s             0          -1  0.01s           2022-11-02T10:19:49
/home/airflow/.local/lib/python3.7/site-packages/airflow/example_dags/example_trigger_target_dag.py                                        0          -1  0.01s           2022-11-02T10:19:49
/home/airflow/.local/lib/python3.7/site-packages/airflow/example_dags/example_xcomargs.py                                                  0          -1  0.01s           2022-11-02T10:19:49
/home/airflow/.local/lib/python3.7/site-packages/airflow/example_dags/example_branch_operator.py                                           0          -1  0.01s           2022-11-02T10:19:49
/home/airflow/.local/lib/python3.7/site-packages/airflow/example_dags/example_nested_branch_dag.py                                         0          -1  0.01s           2022-11-02T10:19:49
/home/airflow/.local/lib/python3.7/site-packages/airflow/example_dags/example_branch_day_of_week_operator.py                               0          -1  0.01s           2022-11-02T10:19:49
/home/airflow/.local/lib/python3.7/site-packages/airflow/example_dags/example_branch_labels.py                                             0          -1  0.01s           2022-11-02T10:19:49
/home/airflow/.local/lib/python3.7/site-packages/airflow/example_dags/example_python_operator.py                                           0          -1  0.04s           2022-11-02T10:19:51
/home/airflow/.local/lib/python3.7/site-packages/airflow/example_dags/example_complex.py                                                   0          -1  0.03s           2022-11-02T10:19:51
/home/airflow/.local/lib/python3.7/site-packages/airflow/example_dags/example_kubernetes_executor.py                                       0          -1  0.01s           2022-11-02T10:19:51
/home/airflow/.local/lib/python3.7/site-packages/airflow/example_dags/example_subdag_operator.py                                           0          -1  0.01s           2022-11-02T10:19:51
/home/airflow/.local/lib/python3.7/site-packages/airflow/example_dags/example_branch_datetime_operator.py                                  0          -1  0.01s           2022-11-02T10:19:51
/home/airflow/.local/lib/python3.7/site-packages/airflow/example_dags/tutorial_taskflow_api_etl.py                                         0          -1  0.01s           2022-11-02T10:19:51
/home/airflow/.local/lib/python3.7/site-packages/airflow/example_dags/tutorial.py                                                          0          -1  0.01s           2022-11-02T10:19:51
/home/airflow/.local/lib/python3.7/site-packages/airflow/example_dags/tutorial_etl_dag.py                                                  0          -1  0.01s           2022-11-02T10:19:51
/home/airflow/.local/lib/python3.7/site-packages/airflow/example_dags/example_short_circuit_operator.py                                    0          -1  0.01s           2022-11-02T10:19:51
/home/airflow/.local/lib/python3.7/site-packages/airflow/example_dags/example_latest_only_with_trigger.py                                  0          -1  0.01s           2022-11-02T10:19:51
/home/airflow/.local/lib/python3.7/site-packages/airflow/example_dags/example_branch_operator_decorator.py                                 0          -1  0.01s           2022-11-02T10:19:51
/home/airflow/.local/lib/python3.7/site-packages/airflow/example_dags/example_local_kubernetes_executor.py                                 0          -1  0.01s           2022-11-02T10:19:51
/home/airflow/.local/lib/python3.7/site-packages/airflow/example_dags/example_external_task_marker_dag.py                                  0          -1  0.01s           2022-11-02T10:19:51
/home/airflow/.local/lib/python3.7/site-packages/airflow/example_dags/example_trigger_controller_dag.py                                    0          -1  0.01s           2022-11-02T10:19:51
/home/airflow/.local/lib/python3.7/site-packages/airflow/example_dags/example_task_group.py                                                0          -1  0.02s           2022-11-02T10:19:53
/home/airflow/.local/lib/python3.7/site-packages/airflow/example_dags/example_latest_only.py                                               0          -1  0.02s           2022-11-02T10:19:53
/home/airflow/.local/lib/python3.7/site-packages/airflow/example_dags/example_passing_params_via_test_command.py                           0          -1  0.01s           2022-11-02T10:19:54
/home/airflow/.local/lib/python3.7/site-packages/airflow/example_dags/example_xcom.py                                                      0          -1  0.01s           2022-11-02T10:19:54
/home/airflow/.local/lib/python3.7/site-packages/airflow/example_dags/example_skip_dag.py                                                  0          -1  0.01s           2022-11-02T10:19:54
/home/airflow/.local/lib/python3.7/site-packages/airflow/example_dags/example_time_delta_sensor_async.py                                   0          -1  0.01s           2022-11-02T10:19:55
/home/airflow/.local/lib/python3.7/site-packages/airflow/example_dags/example_sla_dag.py                                                   0          -1  0.01s           2022-11-02T10:19:55
/home/airflow/.local/lib/python3.7/site-packages/airflow/example_dags/tutorial_taskflow_api_etl_virtualenv.py                              0          -1  0.01s           2022-11-02T10:19:55
/home/airflow/.local/lib/python3.7/site-packages/airflow/example_dags/example_bash_operator.py                                             0          -1  0.01s           2022-11-02T10:19:55
/home/airflow/.local/lib/python3.7/site-packages/airflow/example_dags/example_dag_decorator.py                                             0          -1  0.01s           2022-11-02T10:19:55
/home/airflow/.local/lib/python3.7/site-packages/airflow/example_dags/subdags/subdag.py                                                    0          -1  0.01s           2022-11-02T10:19:55
/home/airflow/.local/lib/python3.7/site-packages/airflow/example_dags/plugins/workday.py                                                   0          -1  0.01s           2022-11-02T10:19:55
================================================================================
[2022-11-02 10:20:20,385] {manager.py:919} ERROR - Processor for /home/airflow/.local/lib/python3.7/site-packages/airflow/example_dags/example_task_group_decorator.py exited with return code 1.
[2022-11-02 10:20:20,386] {manager.py:919} ERROR - Processor for /home/airflow/.local/lib/python3.7/site-packages/airflow/example_dags/example_branch_python_dop_operator_3.py exited with return code 1.
[2022-11-02 10:20:20,400] {manager.py:919} ERROR - Processor for /home/airflow/.local/lib/python3.7/site-packages/airflow/example_dags/example_trigger_target_dag.py exited with return code 1.
[2022-11-02 10:20:20,405] {manager.py:919} ERROR - Processor for /home/airflow/.local/lib/python3.7/site-packages/airflow/example_dags/example_xcomargs.py exited with return code 1.
[2022-11-02 10:20:20,415] {manager.py:919} ERROR - Processor for /home/airflow/.local/lib/python3.7/site-packages/airflow/example_dags/example_branch_operator.py exited with return code 1.
[2022-11-02 10:20:20,439] {manager.py:919} ERROR - Processor for /home/airflow/.local/lib/python3.7/site-packages/airflow/example_dags/example_nested_branch_dag.py exited with return code 1.
[2022-11-02 10:20:20,446] {manager.py:919} ERROR - Processor for /home/airflow/.local/lib/python3.7/site-packages/airflow/example_dags/example_branch_day_of_week_operator.py exited with return code 1.
[2022-11-02 10:20:20,463] {manager.py:919} ERROR - Processor for /home/airflow/.local/lib/python3.7/site-packages/airflow/example_dags/example_branch_labels.py exited with return code 1.
[2022-11-02 10:20:22,500] {manager.py:919} ERROR - Processor for /home/airflow/.local/lib/python3.7/site-packages/airflow/example_dags/example_python_operator.py exited with return code 1.
[2022-11-02 10:20:22,510] {manager.py:919} ERROR - Processor for /home/airflow/.local/lib/python3.7/site-packages/airflow/example_dags/example_complex.py exited with return code 1.
[2022-11-02 10:20:22,521] {manager.py:919} ERROR - Processor for /home/airflow/.local/lib/python3.7/site-packages/airflow/example_dags/example_kubernetes_executor.py exited with return code 1.
[2022-11-02 10:20:22,528] {manager.py:919} ERROR - Processor for /home/airflow/.local/lib/python3.7/site-packages/airflow/example_dags/example_subdag_operator.py exited with return code 1.
[2022-11-02 10:20:22,538] {manager.py:919} ERROR - Processor for /home/airflow/.local/lib/python3.7/site-packages/airflow/example_dags/example_branch_datetime_operator.py exited with return code 1.
[2022-11-02 10:20:22,551] {manager.py:919} ERROR - Processor for /home/airflow/.local/lib/python3.7/site-packages/airflow/example_dags/tutorial_taskflow_api_etl.py exited with return code 1.
[2022-11-02 10:20:22,556] {manager.py:919} ERROR - Processor for /home/airflow/.local/lib/python3.7/site-packages/airflow/example_dags/tutorial.py exited with return code 1.
[2022-11-02 10:20:22,563] {manager.py:919} ERROR - Processor for /home/airflow/.local/lib/python3.7/site-packages/airflow/example_dags/tutorial_etl_dag.py exited with return code 1.
[2022-11-02 10:20:22,576] {manager.py:919} ERROR - Processor for /home/airflow/.local/lib/python3.7/site-packages/airflow/example_dags/example_short_circuit_operator.py exited with return code 1.
[2022-11-02 10:20:22,581] {manager.py:919} ERROR - Processor for /home/airflow/.local/lib/python3.7/site-packages/airflow/example_dags/example_latest_only_with_trigger.py exited with return code 1.
[2022-11-02 10:20:22,588] {manager.py:919} ERROR - Processor for /home/airflow/.local/lib/python3.7/site-packages/airflow/example_dags/example_branch_operator_decorator.py exited with return code 1.
[2022-11-02 10:20:22,600] {manager.py:919} ERROR - Processor for /home/airflow/.local/lib/python3.7/site-packages/airflow/example_dags/example_local_kubernetes_executor.py exited with return code 1.
[2022-11-02 10:20:22,605] {manager.py:919} ERROR - Processor for /home/airflow/.local/lib/python3.7/site-packages/airflow/example_dags/example_external_task_marker_dag.py exited with return code 1.
[2022-11-02 10:20:22,612] {manager.py:919} ERROR - Processor for /home/airflow/.local/lib/python3.7/site-packages/airflow/example_dags/example_trigger_controller_dag.py exited with return code 1.
[2022-11-02 10:20:24,642] {manager.py:919} ERROR - Processor for /home/airflow/.local/lib/python3.7/site-packages/airflow/example_dags/example_task_group.py exited with return code 1.
[2022-11-02 10:20:24,649] {manager.py:919} ERROR - Processor for /home/airflow/.local/lib/python3.7/site-packages/airflow/example_dags/example_latest_only.py exited with return code 1.
[2022-11-02 10:20:24,657] {manager.py:919} ERROR - Processor for /home/airflow/.local/lib/python3.7/site-packages/airflow/example_dags/example_passing_params_via_test_command.py exited with return code 1.
[2022-11-02 10:20:24,671] {manager.py:919} ERROR - Processor for /home/airflow/.local/lib/python3.7/site-packages/airflow/example_dags/example_xcom.py exited with return code 1.
[2022-11-02 10:20:24,675] {manager.py:919} ERROR - Processor for /home/airflow/.local/lib/python3.7/site-packages/airflow/example_dags/example_skip_dag.py exited with return code 1.
[2022-11-02 10:20:25,704] {manager.py:919} ERROR - Processor for /home/airflow/.local/lib/python3.7/site-packages/airflow/example_dags/example_time_delta_sensor_async.py exited with return code 1.
[2022-11-02 10:20:25,710] {manager.py:919} ERROR - Processor for /home/airflow/.local/lib/python3.7/site-packages/airflow/example_dags/example_sla_dag.py exited with return code 1.
[2022-11-02 10:20:25,719] {manager.py:919} ERROR - Processor for /home/airflow/.local/lib/python3.7/site-packages/airflow/example_dags/tutorial_taskflow_api_etl_virtualenv.py exited with return code 1.
[2022-11-02 10:20:25,733] {manager.py:919} ERROR - Processor for /home/airflow/.local/lib/python3.7/site-packages/airflow/example_dags/example_bash_operator.py exited with return code 1.
[2022-11-02 10:20:25,739] {manager.py:919} ERROR - Processor for /home/airflow/.local/lib/python3.7/site-packages/airflow/example_dags/example_dag_decorator.py exited with return code 1.
[2022-11-02 10:20:25,747] {manager.py:919} ERROR - Processor for /home/airflow/.local/lib/python3.7/site-packages/airflow/example_dags/subdags/subdag.py exited with return code 1.
[2022-11-02 10:20:25,758] {manager.py:919} ERROR - Processor for /home/airflow/.local/lib/python3.7/site-packages/airflow/example_dags/plugins/workday.py exited with return code 1.
[2022-11-02 10:20:50,933] {manager.py:803} INFO - 
================================================================================
DAG File Processing Stats

File Path                                                                                                           PID  Runtime      # DAGs    # Errors  Last Runtime    Last Run
----------------------------------------------------------------------------------------------------------------  -----  ---------  --------  ----------  --------------  -------------------
/home/airflow/.local/lib/python3.7/site-packages/airflow/example_dags/example_task_group_decorator.py               332  0.01s             0          -1  0.03s           2022-11-02T10:20:20
/home/airflow/.local/lib/python3.7/site-packages/airflow/example_dags/example_branch_python_dop_operator_3.py       333  0.00s             0          -1  0.02s           2022-11-02T10:20:20
/home/airflow/.local/lib/python3.7/site-packages/airflow/example_dags/example_trigger_target_dag.py                                        0          -1  0.01s           2022-11-02T10:20:20
/home/airflow/.local/lib/python3.7/site-packages/airflow/example_dags/example_xcomargs.py                                                  0          -1  0.01s           2022-11-02T10:20:20
/home/airflow/.local/lib/python3.7/site-packages/airflow/example_dags/example_branch_operator.py                                           0          -1  0.01s           2022-11-02T10:20:20
/home/airflow/.local/lib/python3.7/site-packages/airflow/example_dags/example_nested_branch_dag.py                                         0          -1  0.02s           2022-11-02T10:20:20
/home/airflow/.local/lib/python3.7/site-packages/airflow/example_dags/example_branch_day_of_week_operator.py                               0          -1  0.02s           2022-11-02T10:20:20
/home/airflow/.local/lib/python3.7/site-packages/airflow/example_dags/example_branch_labels.py                                             0          -1  0.01s           2022-11-02T10:20:20
/home/airflow/.local/lib/python3.7/site-packages/airflow/example_dags/example_python_operator.py                                           0          -1  0.03s           2022-11-02T10:20:22
/home/airflow/.local/lib/python3.7/site-packages/airflow/example_dags/example_complex.py                                                   0          -1  0.03s           2022-11-02T10:20:22
/home/airflow/.local/lib/python3.7/site-packages/airflow/example_dags/example_kubernetes_executor.py                                       0          -1  0.02s           2022-11-02T10:20:22
/home/airflow/.local/lib/python3.7/site-packages/airflow/example_dags/example_subdag_operator.py                                           0          -1  0.01s           2022-11-02T10:20:22
/home/airflow/.local/lib/python3.7/site-packages/airflow/example_dags/example_branch_datetime_operator.py                                  0          -1  0.01s           2022-11-02T10:20:22
/home/airflow/.local/lib/python3.7/site-packages/airflow/example_dags/tutorial_taskflow_api_etl.py                                         0          -1  0.01s           2022-11-02T10:20:22
/home/airflow/.local/lib/python3.7/site-packages/airflow/example_dags/tutorial.py                                                          0          -1  0.01s           2022-11-02T10:20:22
/home/airflow/.local/lib/python3.7/site-packages/airflow/example_dags/tutorial_etl_dag.py                                                  0          -1  0.01s           2022-11-02T10:20:22
/home/airflow/.local/lib/python3.7/site-packages/airflow/example_dags/example_short_circuit_operator.py                                    0          -1  0.01s           2022-11-02T10:20:22
/home/airflow/.local/lib/python3.7/site-packages/airflow/example_dags/example_latest_only_with_trigger.py                                  0          -1  0.01s           2022-11-02T10:20:22
/home/airflow/.local/lib/python3.7/site-packages/airflow/example_dags/example_branch_operator_decorator.py                                 0          -1  0.01s           2022-11-02T10:20:22
/home/airflow/.local/lib/python3.7/site-packages/airflow/example_dags/example_local_kubernetes_executor.py                                 0          -1  0.01s           2022-11-02T10:20:22
/home/airflow/.local/lib/python3.7/site-packages/airflow/example_dags/example_external_task_marker_dag.py                                  0          -1  0.01s           2022-11-02T10:20:22
/home/airflow/.local/lib/python3.7/site-packages/airflow/example_dags/example_trigger_controller_dag.py                                    0          -1  0.01s           2022-11-02T10:20:22
/home/airflow/.local/lib/python3.7/site-packages/airflow/example_dags/example_task_group.py                                                0          -1  0.02s           2022-11-02T10:20:24
/home/airflow/.local/lib/python3.7/site-packages/airflow/example_dags/example_latest_only.py                                               0          -1  0.02s           2022-11-02T10:20:24
/home/airflow/.local/lib/python3.7/site-packages/airflow/example_dags/example_passing_params_via_test_command.py                           0          -1  0.01s           2022-11-02T10:20:24
/home/airflow/.local/lib/python3.7/site-packages/airflow/example_dags/example_xcom.py                                                      0          -1  0.01s           2022-11-02T10:20:24
/home/airflow/.local/lib/python3.7/site-packages/airflow/example_dags/example_skip_dag.py                                                  0          -1  0.01s           2022-11-02T10:20:24
/home/airflow/.local/lib/python3.7/site-packages/airflow/example_dags/example_time_delta_sensor_async.py                                   0          -1  0.02s           2022-11-02T10:20:25
/home/airflow/.local/lib/python3.7/site-packages/airflow/example_dags/example_sla_dag.py                                                   0          -1  0.02s           2022-11-02T10:20:25
/home/airflow/.local/lib/python3.7/site-packages/airflow/example_dags/tutorial_taskflow_api_etl_virtualenv.py                              0          -1  0.01s           2022-11-02T10:20:25
/home/airflow/.local/lib/python3.7/site-packages/airflow/example_dags/example_bash_operator.py                                             0          -1  0.01s           2022-11-02T10:20:25
/home/airflow/.local/lib/python3.7/site-packages/airflow/example_dags/example_dag_decorator.py                                             0          -1  0.01s           2022-11-02T10:20:25
/home/airflow/.local/lib/python3.7/site-packages/airflow/example_dags/subdags/subdag.py                                                    0          -1  0.01s           2022-11-02T10:20:25
/home/airflow/.local/lib/python3.7/site-packages/airflow/example_dags/plugins/workday.py                                                   0          -1  0.01s           2022-11-02T10:20:25
================================================================================
[2022-11-02 10:20:50,939] {manager.py:919} ERROR - Processor for /home/airflow/.local/lib/python3.7/site-packages/airflow/example_dags/example_task_group_decorator.py exited with return code 1.
[2022-11-02 10:20:50,946] {manager.py:919} ERROR - Processor for /home/airflow/.local/lib/python3.7/site-packages/airflow/example_dags/example_branch_python_dop_operator_3.py exited with return code 1.
[2022-11-02 10:20:50,954] {manager.py:919} ERROR - Processor for /home/airflow/.local/lib/python3.7/site-packages/airflow/example_dags/example_trigger_target_dag.py exited with return code 1.
[2022-11-02 10:20:50,966] {manager.py:919} ERROR - Processor for /home/airflow/.local/lib/python3.7/site-packages/airflow/example_dags/example_xcomargs.py exited with return code 1.
[2022-11-02 10:20:50,971] {manager.py:919} ERROR - Processor for /home/airflow/.local/lib/python3.7/site-packages/airflow/example_dags/example_branch_operator.py exited with return code 1.
[2022-11-02 10:20:50,978] {manager.py:919} ERROR - Processor for /home/airflow/.local/lib/python3.7/site-packages/airflow/example_dags/example_nested_branch_dag.py exited with return code 1.
[2022-11-02 10:20:50,990] {manager.py:919} ERROR - Processor for /home/airflow/.local/lib/python3.7/site-packages/airflow/example_dags/example_branch_day_of_week_operator.py exited with return code 1.
[2022-11-02 10:20:50,993] {manager.py:919} ERROR - Processor for /home/airflow/.local/lib/python3.7/site-packages/airflow/example_dags/example_branch_labels.py exited with return code 1.
[2022-11-02 10:20:53,014] {manager.py:919} ERROR - Processor for /home/airflow/.local/lib/python3.7/site-packages/airflow/example_dags/example_complex.py exited with return code 1.
[2022-11-02 10:20:53,019] {manager.py:919} ERROR - Processor for /home/airflow/.local/lib/python3.7/site-packages/airflow/example_dags/example_python_operator.py exited with return code 1.
[2022-11-02 10:20:53,026] {manager.py:919} ERROR - Processor for /home/airflow/.local/lib/python3.7/site-packages/airflow/example_dags/example_kubernetes_executor.py exited with return code 1.
[2022-11-02 10:20:53,039] {manager.py:919} ERROR - Processor for /home/airflow/.local/lib/python3.7/site-packages/airflow/example_dags/example_subdag_operator.py exited with return code 1.
[2022-11-02 10:20:53,044] {manager.py:919} ERROR - Processor for /home/airflow/.local/lib/python3.7/site-packages/airflow/example_dags/example_branch_datetime_operator.py exited with return code 1.
[2022-11-02 10:20:53,051] {manager.py:919} ERROR - Processor for /home/airflow/.local/lib/python3.7/site-packages/airflow/example_dags/tutorial_taskflow_api_etl.py exited with return code 1.
[2022-11-02 10:20:53,065] {manager.py:919} ERROR - Processor for /home/airflow/.local/lib/python3.7/site-packages/airflow/example_dags/tutorial.py exited with return code 1.
[2022-11-02 10:20:53,072] {manager.py:919} ERROR - Processor for /home/airflow/.local/lib/python3.7/site-packages/airflow/example_dags/tutorial_etl_dag.py exited with return code 1.
[2022-11-02 10:20:53,080] {manager.py:919} ERROR - Processor for /home/airflow/.local/lib/python3.7/site-packages/airflow/example_dags/example_short_circuit_operator.py exited with return code 1.
[2022-11-02 10:20:53,092] {manager.py:919} ERROR - Processor for /home/airflow/.local/lib/python3.7/site-packages/airflow/example_dags/example_latest_only_with_trigger.py exited with return code 1.
[2022-11-02 10:20:53,096] {manager.py:919} ERROR - Processor for /home/airflow/.local/lib/python3.7/site-packages/airflow/example_dags/example_branch_operator_decorator.py exited with return code 1.
